apps/build/outputs/logs/manifest-merger-debug-report.txt
-- Merging decision tree log ---
manifest
ADDED from src\main\AndroidManifest.xml:1:1-63:12
INJECTED from src\main\AndroidManifest.xml:1:1-63:12
INJECTED from src\main\AndroidManifest.xml:1:1-63:12
INJECTED from src\main\AndroidManifest.xml:1:1-63:12
INJECTED from src\main\AndroidManifest.xml:1:1-63:12
INJECTED from src\main\AndroidManifest.xml:1:1-63:12
INJECTED from src\main\AndroidManifest.xml:1:1-63:12
	package
		ADDED from src\main\AndroidManifest.xml:2:5-29
		INJECTED from src\main\AndroidManifest.xml
		INJECTED from src\main\AndroidManifest.xml
	android:versionName
		ADDED from src\main\AndroidManifest.xml:4:5-30
		INJECTED from src\main\AndroidManifest.xml
		INJECTED from src\main\AndroidManifest.xml
	xmlns:android
		ADDED from src\main\AndroidManifest.xml:1:11-69
	android:versionCode
		ADDED from src\main\AndroidManifest.xml:3:5-28
		INJECTED from src\main\AndroidManifest.xml
		INJECTED from src\main\AndroidManifest.xml
uses-permission#android.permission.INTERNET
ADDED from src\main\AndroidManifest.xml:6:5-66
	android:name
		ADDED from src\main\AndroidManifest.xml:6:22-64
uses-permission#android.permission.RECEIVE_BOOT_COMPLETED
ADDED from src\main\AndroidManifest.xml:7:5-81
	android:name
		ADDED from src\main\AndroidManifest.xml:7:22-78
uses-permission#android.permission.WAKE_LOCK
ADDED from src\main\AndroidManifest.xml:8:5-68
	android:name
		ADDED from src\main\AndroidManifest.xml:8:22-65
uses-permission#android.permission.BLUETOOTH
ADDED from src\main\AndroidManifest.xml:9:5-67
	android:name
		ADDED from src\main\AndroidManifest.xml:9:22-65
uses-permission#android.permission.BLUETOOTH_ADMIN
ADDED from src\main\AndroidManifest.xml:10:5-73
	android:name
		ADDED from src\main\AndroidManifest.xml:10:22-71
application
ADDED from src\main\AndroidManifest.xml:12:5-61:19
	android:label
		ADDED from src\main\AndroidManifest.xml:17:9-41
	android:hardwareAccelerated
		ADDED from src\main\AndroidManifest.xml:15:9-43
	android:persistent
		ADDED from src\main\AndroidManifest.xml:13:9-34
	android:icon
		ADDED from src\main\AndroidManifest.xml:16:9-45
	android:allowBackup
		ADDED from src\main\AndroidManifest.xml:14:9-35
service#com.dnake.v700.apps
ADDED from src\main\AndroidManifest.xml:19:9-23:19
	android:name
		ADDED from src\main\AndroidManifest.xml:19:18-52
intent-filter#action:name:com.dnake.v700.apps
ADDED from src\main\AndroidManifest.xml:20:13-22:29
action#com.dnake.v700.apps
ADDED from src\main\AndroidManifest.xml:21:17-62
	android:name
		ADDED from src\main\AndroidManifest.xml:21:25-59
receiver#com.dnake.apps.SysReceiver
ADDED from src\main\AndroidManifest.xml:24:9-31:14
	android:name
		ADDED from src\main\AndroidManifest.xml:24:19-60
intent-filter#action:name:android.intent.action.BOOT_COMPLETED
ADDED from src\main\AndroidManifest.xml:25:13-27:20
action#android.intent.action.BOOT_COMPLETED
ADDED from src\main\AndroidManifest.xml:26:5-67
	android:name
		ADDED from src\main\AndroidManifest.xml:26:13-64
intent-filter#action:name:com.dnake.broadcast
ADDED from src\main\AndroidManifest.xml:28:4-30:20
action#com.dnake.broadcast
ADDED from src\main\AndroidManifest.xml:29:5-50
	android:name
		ADDED from src\main\AndroidManifest.xml:29:13-47
activity#com.dnake.apps.MainActivity
ADDED from src\main\AndroidManifest.xml:33:9-42:20
	android:screenOrientation
		ADDED from src\main\AndroidManifest.xml:36:13-50
	android:launchMode
		ADDED from src\main\AndroidManifest.xml:35:13-44
	android:theme
		ADDED from src\main\AndroidManifest.xml:37:13-71
	android:name
		ADDED from src\main\AndroidManifest.xml:34:13-55
intent-filter#action:name:android.intent.action.MAIN+category:name:android.intent.category.LAUNCHER
ADDED from src\main\AndroidManifest.xml:38:13-41:29
action#android.intent.action.MAIN
ADDED from src\main\AndroidManifest.xml:39:17-69
	android:name
		ADDED from src\main\AndroidManifest.xml:39:25-66
category#android.intent.category.LAUNCHER
ADDED from src\main\AndroidManifest.xml:40:17-77
	android:name
		ADDED from src\main\AndroidManifest.xml:40:27-74
activity#com.dnake.apps.LoggerLabel
ADDED from src\main\AndroidManifest.xml:43:9-50:20
	android:screenOrientation
		ADDED from src\main\AndroidManifest.xml:45:13-50
	android:launchMode
		ADDED from src\main\AndroidManifest.xml:44:13-44
	android:theme
		ADDED from src\main\AndroidManifest.xml:46:13-71
	android:name
		ADDED from src\main\AndroidManifest.xml:43:19-60
intent-filter#action:name:com.dnake.apps.LoggerLabel
ADDED from src\main\AndroidManifest.xml:47:13-49:29
action#com.dnake.apps.LoggerLabel
ADDED from src\main\AndroidManifest.xml:48:17-69
	android:name
		ADDED from src\main\AndroidManifest.xml:48:25-66
activity#com.dnake.apps.BrowerLabel
ADDED from src\main\AndroidManifest.xml:51:9-55:20
	android:screenOrientation
		ADDED from src\main\AndroidManifest.xml:53:13-50
	android:launchMode
		ADDED from src\main\AndroidManifest.xml:52:13-44
	android:theme
		ADDED from src\main\AndroidManifest.xml:54:13-71
	android:name
		ADDED from src\main\AndroidManifest.xml:51:19-60
activity#com.dnake.apps.AdLabel
ADDED from src\main\AndroidManifest.xml:56:9-60:20
	android:screenOrientation
		ADDED from src\main\AndroidManifest.xml:58:13-50
	android:launchMode
		ADDED from src\main\AndroidManifest.xml:57:13-44
	android:theme
		ADDED from src\main\AndroidManifest.xml:59:13-71
	android:name
		ADDED from src\main\AndroidManifest.xml:56:19-56
uses-sdk
INJECTED from src\main\AndroidManifest.xml reason: use-sdk injection requested
INJECTED from src\main\AndroidManifest.xml
INJECTED from src\main\AndroidManifest.xml
INJECTED from src\main\AndroidManifest.xml
INJECTED from src\main\AndroidManifest.xml
	android:targetSdkVersion
		INJECTED from src\main\AndroidManifest.xml
		ADDED from src\main\AndroidManifest.xml
		INJECTED from src\main\AndroidManifest.xml
	android:minSdkVersion
		INJECTED from src\main\AndroidManifest.xml
		ADDED from src\main\AndroidManifest.xml
		INJECTED from src\main\AndroidManifest.xml